<?xml version="1.0" encoding="UTF-8"?>
<!-- Generated by org.testng.reporters.JUnitReportReporter -->
<testsuite skipped="0" hostname="LAPTOP-UH8L1HOH" name="com.testing.testcases.APITestCases" tests="2" failures="0" timestamp="14 Oct 2019 17:27:20 GMT" time="2.294" errors="0">
  <testcase name="test_Post_Response" time="0.379" classname="com.testing.testcases.APITestCases"/>
  <testcase name="test_Get_Response" time="1.915" classname="com.testing.testcases.APITestCases"/>
</testsuite> <!-- com.testing.testcases.APITestCases -->
